[debug] [2026-04-26T18:53:26.367Z] ----------------------------------------------------------------------
[debug] [2026-04-26T18:53:26.390Z] Command:       C:\Program Files\nodejs\node.exe C:\Users\abrham.doya\AppData\Roaming\npm\node_modules\firebase-tools\lib\bin\firebase.js init functions
[debug] [2026-04-26T18:53:26.404Z] CLI Version:   13.32.0
[debug] [2026-04-26T18:53:26.405Z] Platform:      win32
[debug] [2026-04-26T18:53:26.406Z] Node Version:  v22.15.1
[debug] [2026-04-26T18:53:26.409Z] Time:          Sun Apr 26 2026 06:53:26 GMT-1200 (GMT-12:00)
[debug] [2026-04-26T18:53:26.411Z] ----------------------------------------------------------------------
[debug] 
[debug] [2026-04-26T18:53:26.496Z] >>> [apiv2][query] GET https://firebase-public.firebaseio.com/cli.json [none]
[debug] [2026-04-26T18:53:30.537Z] > command requires scopes: ["email","openid","https://www.googleapis.com/auth/cloudplatformprojects.readonly","https://www.googleapis.com/auth/firebase","https://www.googleapis.com/auth/cloud-platform"]
[debug] [2026-04-26T18:53:30.539Z] > authorizing via signed-in user (doallthing3773@gmail.com)
[info] 
     ######## #### ########  ######## ########     ###     ######  ########
     ##        ##  ##     ## ##       ##     ##  ##   ##  ##       ##
     ######    ##  ########  ######   ########  #########  ######  ######
     ##        ##  ##    ##  ##       ##     ## ##     ##       ## ##
     ##       #### ##     ## ######## ########  ##     ##  ######  ########

You're about to initialize a Firebase project in this directory:

  C:\Users\abrham.doya\Music\omnia-website-clone (1)

Before we get started, keep in mind:

  * You are initializing within an existing Firebase project directory

[debug] [2026-04-26T18:53:31.588Z] <<< [apiv2][status] GET https://firebase-public.firebaseio.com/cli.json 200
[debug] [2026-04-26T18:53:31.590Z] <<< [apiv2][body] GET https://firebase-public.firebaseio.com/cli.json {"cloudBuildErrorAfter":1594252800000,"cloudBuildWarnAfter":1590019200000,"defaultNode10After":1594252800000,"minVersion":"3.0.5","node8DeploysDisabledAfter":1613390400000,"node8RuntimeDisabledAfter":1615809600000,"node8WarnAfter":1600128000000}
[info] 
=== Project Setup
[info] 
[info] First, let's associate this project directory with a Firebase project.
[info] You can create multiple project aliases by running firebase use --add, 
[info] but for now we'll just set up a default project.
[info] 
[debug] [2026-04-26T18:54:04.161Z] Checked if tokens are valid: false, expires at: 1747317088855
[debug] [2026-04-26T18:54:04.163Z] Checked if tokens are valid: false, expires at: 1747317088855
[debug] [2026-04-26T18:54:04.164Z] > refreshing access token with scopes: []
[debug] [2026-04-26T18:54:04.176Z] >>> [apiv2][query] POST https://www.googleapis.com/oauth2/v3/token [none]
[debug] [2026-04-26T18:54:04.177Z] >>> [apiv2][body] POST https://www.googleapis.com/oauth2/v3/token [omitted]
[debug] [2026-04-26T18:54:04.744Z] <<< [apiv2][status] POST https://www.googleapis.com/oauth2/v3/token 400
[debug] [2026-04-26T18:54:04.745Z] <<< [apiv2][body] POST https://www.googleapis.com/oauth2/v3/token [omitted]
[debug] [2026-04-26T18:54:04.750Z] >>> [apiv2][query] GET https://firebase.googleapis.com/v1beta1/projects pageSize=100
[debug] [2026-04-26T18:54:05.324Z] <<< [apiv2][status] GET https://firebase.googleapis.com/v1beta1/projects 401
[debug] [2026-04-26T18:54:05.325Z] <<< [apiv2][body] GET https://firebase.googleapis.com/v1beta1/projects [omitted]
[debug] [2026-04-26T18:54:05.326Z] Got a 401 Unauthenticated error for a call that required authentication. Refreshing tokens.
[debug] [2026-04-26T18:54:05.326Z] Checked if tokens are valid: false, expires at: 1747317088855
[debug] [2026-04-26T18:54:05.327Z] Checked if tokens are valid: false, expires at: 1747317088855
[debug] [2026-04-26T18:54:05.327Z] > refreshing access token with scopes: []
[debug] [2026-04-26T18:54:05.330Z] >>> [apiv2][query] POST https://www.googleapis.com/oauth2/v3/token [none]
[debug] [2026-04-26T18:54:05.330Z] >>> [apiv2][body] POST https://www.googleapis.com/oauth2/v3/token [omitted]
[debug] [2026-04-26T18:54:05.487Z] <<< [apiv2][status] POST https://www.googleapis.com/oauth2/v3/token 400
[debug] [2026-04-26T18:54:05.488Z] <<< [apiv2][body] POST https://www.googleapis.com/oauth2/v3/token [omitted]
[debug] [2026-04-26T18:54:05.492Z] Request to https://firebase.googleapis.com/v1beta1/projects?pageSize=100 had HTTP Error: 401, Request had invalid authentication credentials. Expected OAuth 2 access token, login cookie or other valid authentication credential. See https://developers.google.com/identity/sign-in/web/devconsole-project.
[debug] [2026-04-26T18:54:05.945Z] FirebaseError: Request to https://firebase.googleapis.com/v1beta1/projects?pageSize=100 had HTTP Error: 401, Request had invalid authentication credentials. Expected OAuth 2 access token, login cookie or other valid authentication credential. See https://developers.google.com/identity/sign-in/web/devconsole-project.
    at responseToError (C:\Users\abrham.doya\AppData\Roaming\npm\node_modules\firebase-tools\lib\responseToError.js:52:12)
    at RetryOperation._fn (C:\Users\abrham.doya\AppData\Roaming\npm\node_modules\firebase-tools\lib\apiv2.js:312:77)
    at process.processTicksAndRejections (node:internal/process/task_queues:105:5)
[error] 
[error] Error: Failed to list Firebase projects. See firebase-debug.log for more info.
[debug] [2026-04-26T18:55:39.545Z] ----------------------------------------------------------------------
[debug] [2026-04-26T18:55:39.573Z] Command:       C:\Program Files\nodejs\node.exe C:\Users\abrham.doya\AppData\Roaming\npm\node_modules\firebase-tools\lib\bin\firebase.js init functions
[debug] [2026-04-26T18:55:39.576Z] CLI Version:   13.32.0
[debug] [2026-04-26T18:55:39.578Z] Platform:      win32
[debug] [2026-04-26T18:55:39.580Z] Node Version:  v22.15.1
[debug] [2026-04-26T18:55:39.582Z] Time:          Sun Apr 26 2026 06:55:39 GMT-1200 (GMT-12:00)
[debug] [2026-04-26T18:55:39.583Z] ----------------------------------------------------------------------
[debug] 
[debug] [2026-04-26T18:55:42.507Z] > command requires scopes: ["email","openid","https://www.googleapis.com/auth/cloudplatformprojects.readonly","https://www.googleapis.com/auth/firebase","https://www.googleapis.com/auth/cloud-platform"]
[debug] [2026-04-26T18:55:42.510Z] > authorizing via signed-in user (doallthing3773@gmail.com)
[info] 
     ######## #### ########  ######## ########     ###     ######  ########
     ##        ##  ##     ## ##       ##     ##  ##   ##  ##       ##
     ######    ##  ########  ######   ########  #########  ######  ######
     ##        ##  ##    ##  ##       ##     ## ##     ##       ## ##
     ##       #### ##     ## ######## ########  ##     ##  ######  ########

You're about to initialize a Firebase project in this directory:

  C:\Users\abrham.doya\Music\omnia-website-clone (1)

Before we get started, keep in mind:

  * You are initializing within an existing Firebase project directory

[info] 
=== Project Setup
[info] 
[info] First, let's associate this project directory with a Firebase project.
[info] You can create multiple project aliases by running firebase use --add, 
[info] but for now we'll just set up a default project.
[info] 
[debug] [2026-04-26T18:55:48.580Z] Checked if tokens are valid: false, expires at: 1747317088855
[debug] [2026-04-26T18:55:48.582Z] Checked if tokens are valid: false, expires at: 1747317088855
[debug] [2026-04-26T18:55:48.584Z] > refreshing access token with scopes: []
[debug] [2026-04-26T18:55:48.607Z] >>> [apiv2][query] POST https://www.googleapis.com/oauth2/v3/token [none]
[debug] [2026-04-26T18:55:48.608Z] >>> [apiv2][body] POST https://www.googleapis.com/oauth2/v3/token [omitted]
[debug] [2026-04-26T18:55:49.402Z] <<< [apiv2][status] POST https://www.googleapis.com/oauth2/v3/token 400
[debug] [2026-04-26T18:55:49.402Z] <<< [apiv2][body] POST https://www.googleapis.com/oauth2/v3/token [omitted]
[debug] [2026-04-26T18:55:49.408Z] >>> [apiv2][query] GET https://firebase.googleapis.com/v1beta1/projects pageSize=100
[debug] [2026-04-26T18:55:49.852Z] <<< [apiv2][status] GET https://firebase.googleapis.com/v1beta1/projects 401
[debug] [2026-04-26T18:55:49.853Z] <<< [apiv2][body] GET https://firebase.googleapis.com/v1beta1/projects [omitted]
[debug] [2026-04-26T18:55:49.853Z] Got a 401 Unauthenticated error for a call that required authentication. Refreshing tokens.
[debug] [2026-04-26T18:55:49.854Z] Checked if tokens are valid: false, expires at: 1747317088855
[debug] [2026-04-26T18:55:49.855Z] Checked if tokens are valid: false, expires at: 1747317088855
[debug] [2026-04-26T18:55:49.856Z] > refreshing access token with scopes: []
[debug] [2026-04-26T18:55:49.859Z] >>> [apiv2][query] POST https://www.googleapis.com/oauth2/v3/token [none]
[debug] [2026-04-26T18:55:49.860Z] >>> [apiv2][body] POST https://www.googleapis.com/oauth2/v3/token [omitted]
[debug] [2026-04-26T18:55:49.983Z] <<< [apiv2][status] POST https://www.googleapis.com/oauth2/v3/token 400
[debug] [2026-04-26T18:55:49.984Z] <<< [apiv2][body] POST https://www.googleapis.com/oauth2/v3/token [omitted]
[debug] [2026-04-26T18:55:49.989Z] Request to https://firebase.googleapis.com/v1beta1/projects?pageSize=100 had HTTP Error: 401, Request had invalid authentication credentials. Expected OAuth 2 access token, login cookie or other valid authentication credential. See https://developers.google.com/identity/sign-in/web/devconsole-project.
[debug] [2026-04-26T18:55:50.545Z] FirebaseError: Request to https://firebase.googleapis.com/v1beta1/projects?pageSize=100 had HTTP Error: 401, Request had invalid authentication credentials. Expected OAuth 2 access token, login cookie or other valid authentication credential. See https://developers.google.com/identity/sign-in/web/devconsole-project.
    at responseToError (C:\Users\abrham.doya\AppData\Roaming\npm\node_modules\firebase-tools\lib\responseToError.js:52:12)
    at RetryOperation._fn (C:\Users\abrham.doya\AppData\Roaming\npm\node_modules\firebase-tools\lib\apiv2.js:312:77)
    at process.processTicksAndRejections (node:internal/process/task_queues:105:5)
[error] 
[error] Error: Failed to list Firebase projects. See firebase-debug.log for more info.
